Determining if the pthread_create exist failed with the following output:
Change Dir: /home/m/catkin_ws/build/CMakeFiles/CMakeTmp

<<<<<<< HEAD
Run Build Command:/usr/bin/make "cmTryCompileExec849514467/fast"
/usr/bin/make -f CMakeFiles/cmTryCompileExec849514467.dir/build.make CMakeFiles/cmTryCompileExec849514467.dir/build
make[1]: Entering directory `/home/m/catkin_ws/build/CMakeFiles/CMakeTmp'
/usr/bin/cmake -E cmake_progress_report /home/m/catkin_ws/build/CMakeFiles/CMakeTmp/CMakeFiles 1
Building C object CMakeFiles/cmTryCompileExec849514467.dir/CheckSymbolExists.c.o
/usr/bin/cc    -o CMakeFiles/cmTryCompileExec849514467.dir/CheckSymbolExists.c.o   -c /home/m/catkin_ws/build/CMakeFiles/CMakeTmp/CheckSymbolExists.c
Linking C executable cmTryCompileExec849514467
/usr/bin/cmake -E cmake_link_script CMakeFiles/cmTryCompileExec849514467.dir/link.txt --verbose=1
/usr/bin/cc       CMakeFiles/cmTryCompileExec849514467.dir/CheckSymbolExists.c.o  -o cmTryCompileExec849514467 -rdynamic 
CMakeFiles/cmTryCompileExec849514467.dir/CheckSymbolExists.c.o: In function `main':
CheckSymbolExists.c:(.text+0x16): undefined reference to `pthread_create'
collect2: error: ld returned 1 exit status
make[1]: Leaving directory `/home/m/catkin_ws/build/CMakeFiles/CMakeTmp'
make[1]: *** [cmTryCompileExec849514467] Error 1
make: *** [cmTryCompileExec849514467/fast] Error 2
=======
Run Build Command:/usr/bin/make "cmTryCompileExec1142616622/fast"
/usr/bin/make -f CMakeFiles/cmTryCompileExec1142616622.dir/build.make CMakeFiles/cmTryCompileExec1142616622.dir/build
make[1]: Entering directory `/home/m/catkin_ws/build/CMakeFiles/CMakeTmp'
/usr/bin/cmake -E cmake_progress_report /home/m/catkin_ws/build/CMakeFiles/CMakeTmp/CMakeFiles 1
Building C object CMakeFiles/cmTryCompileExec1142616622.dir/CheckSymbolExists.c.o
/usr/bin/cc    -o CMakeFiles/cmTryCompileExec1142616622.dir/CheckSymbolExists.c.o   -c /home/m/catkin_ws/build/CMakeFiles/CMakeTmp/CheckSymbolExists.c
Linking C executable cmTryCompileExec1142616622
/usr/bin/cmake -E cmake_link_script CMakeFiles/cmTryCompileExec1142616622.dir/link.txt --verbose=1
/usr/bin/cc       CMakeFiles/cmTryCompileExec1142616622.dir/CheckSymbolExists.c.o  -o cmTryCompileExec1142616622 -rdynamic 
CMakeFiles/cmTryCompileExec1142616622.dir/CheckSymbolExists.c.o: In function `main':
CheckSymbolExists.c:(.text+0x16): undefined reference to `pthread_create'
collect2: error: ld returned 1 exit status
make[1]: Leaving directory `/home/m/catkin_ws/build/CMakeFiles/CMakeTmp'
make[1]: *** [cmTryCompileExec1142616622] Error 1
make: *** [cmTryCompileExec1142616622/fast] Error 2
>>>>>>> b883065350307bba6f0f0bd12bed736de3baf565

File /home/m/catkin_ws/build/CMakeFiles/CMakeTmp/CheckSymbolExists.c:
/* */
#include <pthread.h>

int main(int argc, char** argv)
{
  (void)argv;
#ifndef pthread_create
  return ((int*)(&pthread_create))[argc];
#else
  (void)argc;
  return 0;
#endif
}

Determining if the function pthread_create exists in the pthreads failed with the following output:
Change Dir: /home/m/catkin_ws/build/CMakeFiles/CMakeTmp

<<<<<<< HEAD
Run Build Command:/usr/bin/make "cmTryCompileExec85035495/fast"
/usr/bin/make -f CMakeFiles/cmTryCompileExec85035495.dir/build.make CMakeFiles/cmTryCompileExec85035495.dir/build
make[1]: Entering directory `/home/m/catkin_ws/build/CMakeFiles/CMakeTmp'
/usr/bin/cmake -E cmake_progress_report /home/m/catkin_ws/build/CMakeFiles/CMakeTmp/CMakeFiles 1
Building C object CMakeFiles/cmTryCompileExec85035495.dir/CheckFunctionExists.c.o
/usr/bin/cc   -DCHECK_FUNCTION_EXISTS=pthread_create   -o CMakeFiles/cmTryCompileExec85035495.dir/CheckFunctionExists.c.o   -c /usr/share/cmake-2.8/Modules/CheckFunctionExists.c
Linking C executable cmTryCompileExec85035495
/usr/bin/cmake -E cmake_link_script CMakeFiles/cmTryCompileExec85035495.dir/link.txt --verbose=1
/usr/bin/cc   -DCHECK_FUNCTION_EXISTS=pthread_create    CMakeFiles/cmTryCompileExec85035495.dir/CheckFunctionExists.c.o  -o cmTryCompileExec85035495 -rdynamic -lpthreads 
/usr/bin/ld: cannot find -lpthreads
collect2: error: ld returned 1 exit status
make[1]: *** [cmTryCompileExec85035495] Error 1
make[1]: Leaving directory `/home/m/catkin_ws/build/CMakeFiles/CMakeTmp'
make: *** [cmTryCompileExec85035495/fast] Error 2
=======
Run Build Command:/usr/bin/make "cmTryCompileExec2711413473/fast"
/usr/bin/make -f CMakeFiles/cmTryCompileExec2711413473.dir/build.make CMakeFiles/cmTryCompileExec2711413473.dir/build
make[1]: Entering directory `/home/m/catkin_ws/build/CMakeFiles/CMakeTmp'
/usr/bin/cmake -E cmake_progress_report /home/m/catkin_ws/build/CMakeFiles/CMakeTmp/CMakeFiles 1
Building C object CMakeFiles/cmTryCompileExec2711413473.dir/CheckFunctionExists.c.o
/usr/bin/cc   -DCHECK_FUNCTION_EXISTS=pthread_create   -o CMakeFiles/cmTryCompileExec2711413473.dir/CheckFunctionExists.c.o   -c /usr/share/cmake-2.8/Modules/CheckFunctionExists.c
Linking C executable cmTryCompileExec2711413473
/usr/bin/cmake -E cmake_link_script CMakeFiles/cmTryCompileExec2711413473.dir/link.txt --verbose=1
/usr/bin/cc   -DCHECK_FUNCTION_EXISTS=pthread_create    CMakeFiles/cmTryCompileExec2711413473.dir/CheckFunctionExists.c.o  -o cmTryCompileExec2711413473 -rdynamic -lpthreads 
/usr/bin/ld: cannot find -lpthreads
collect2: error: ld returned 1 exit status
make[1]: Leaving directory `/home/m/catkin_ws/build/CMakeFiles/CMakeTmp'
make[1]: *** [cmTryCompileExec2711413473] Error 1
make: *** [cmTryCompileExec2711413473/fast] Error 2
>>>>>>> b883065350307bba6f0f0bd12bed736de3baf565


